Determining if the pthread_create exist failed with the following output:
Change Dir: /home/vlad/projects/qt/neuron10/builds/CMakeFiles/CMakeTmp

Run Build Command:"/usr/bin/make" "cmTC_3a39f/fast"
/usr/bin/make -f CMakeFiles/cmTC_3a39f.dir/build.make CMakeFiles/cmTC_3a39f.dir/build
make[1]: Entering directory '/home/vlad/projects/qt/neuron10/builds/CMakeFiles/CMakeTmp'
Building C object CMakeFiles/cmTC_3a39f.dir/CheckSymbolExists.c.o
/usr/bin/gcc    -o CMakeFiles/cmTC_3a39f.dir/CheckSymbolExists.c.o   -c /home/vlad/projects/qt/neuron10/builds/CMakeFiles/CMakeTmp/CheckSymbolExists.c
Linking C executable cmTC_3a39f
/usr/bin/cmake -E cmake_link_script CMakeFiles/cmTC_3a39f.dir/link.txt --verbose=1
/usr/bin/gcc      -rdynamic CMakeFiles/cmTC_3a39f.dir/CheckSymbolExists.c.o  -o cmTC_3a39f 
/usr/bin/ld: CMakeFiles/cmTC_3a39f.dir/CheckSymbolExists.c.o: in function `main':
CheckSymbolExists.c:(.text+0x1f): undefined reference to `pthread_create'
collect2: error: ld returned 1 exit status
make[1]: *** [CMakeFiles/cmTC_3a39f.dir/build.make:87: cmTC_3a39f] Error 1
make[1]: Leaving directory '/home/vlad/projects/qt/neuron10/builds/CMakeFiles/CMakeTmp'
make: *** [Makefile:121: cmTC_3a39f/fast] Error 2

File /home/vlad/projects/qt/neuron10/builds/CMakeFiles/CMakeTmp/CheckSymbolExists.c:
/* */
#include <pthread.h>

int main(int argc, char** argv)
{
  (void)argv;
#ifndef pthread_create
  return ((int*)(&pthread_create))[argc];
#else
  (void)argc;
  return 0;
#endif
}

Determining if the function pthread_create exists in the pthreads failed with the following output:
Change Dir: /home/vlad/projects/qt/neuron10/builds/CMakeFiles/CMakeTmp

Run Build Command:"/usr/bin/make" "cmTC_2d2fe/fast"
/usr/bin/make -f CMakeFiles/cmTC_2d2fe.dir/build.make CMakeFiles/cmTC_2d2fe.dir/build
make[1]: Entering directory '/home/vlad/projects/qt/neuron10/builds/CMakeFiles/CMakeTmp'
Building C object CMakeFiles/cmTC_2d2fe.dir/CheckFunctionExists.c.o
/usr/bin/gcc   -DCHECK_FUNCTION_EXISTS=pthread_create   -o CMakeFiles/cmTC_2d2fe.dir/CheckFunctionExists.c.o   -c /usr/share/cmake-3.13/Modules/CheckFunctionExists.c
Linking C executable cmTC_2d2fe
/usr/bin/cmake -E cmake_link_script CMakeFiles/cmTC_2d2fe.dir/link.txt --verbose=1
/usr/bin/gcc  -DCHECK_FUNCTION_EXISTS=pthread_create    -rdynamic CMakeFiles/cmTC_2d2fe.dir/CheckFunctionExists.c.o  -o cmTC_2d2fe -lpthreads 
/usr/bin/ld: cannot find -lpthreads
collect2: error: ld returned 1 exit status
make[1]: *** [CMakeFiles/cmTC_2d2fe.dir/build.make:87: cmTC_2d2fe] Error 1
make[1]: Leaving directory '/home/vlad/projects/qt/neuron10/builds/CMakeFiles/CMakeTmp'
make: *** [Makefile:121: cmTC_2d2fe/fast] Error 2


